\BOOKMARK [0][-]{chapter.1}{\376\377\000D\000\351\000m\000a\000r\000r\000a\000g\000e}{}% 1
\BOOKMARK [1][-]{section.1.1}{\376\377\000A\000u\000t\000o\000C\000A\000D\000\040\000:\000\040\000I\000n\000s\000t\000a\000l\000l\000a\000t\000i\000o\000n\000\040\000W\000i\000n}{chapter.1}% 2
\BOOKMARK [1][-]{section.1.2}{\376\377\000A\000u\000t\000o\000C\000A\000D\000\040\000:\000\040\000I\000n\000s\000t\000a\000l\000l\000a\000t\000i\000o\000n\000\040\000O\000s\000X}{chapter.1}% 3
\BOOKMARK [0][-]{chapter.2}{\376\377\000C\000o\000n\000f\000i\000g\000u\000r\000a\000t\000i\000o\000n}{}% 4
\BOOKMARK [1][-]{section.2.1}{\376\377\000A\000u\000t\000o\000C\000A\000D\000\040\000:\000\040\000C\000o\000n\000f\000\040\0001}{chapter.2}% 5
\BOOKMARK [1][-]{section.2.2}{\376\377\000A\000u\000t\000o\000C\000A\000D\000\040\000:\000\040\000C\000o\000n\000f\000\040\0002}{chapter.2}% 6
\BOOKMARK [0][-]{chapter.3}{\376\377\000A\000u\000t\000o\000C\000A\000D\000\040\000:\000\040\000i\000n\000t\000r\000o\000d\000u\000c\000t\000i\000o\000n}{}% 7
\BOOKMARK [1][-]{section.3.1}{\376\377\000R\000\351\000s\000u\000m\000\351}{chapter.3}% 8
\BOOKMARK [1][-]{section.3.2}{\376\377\000P\000r\000e\000m\000i\000\350\000r\000e\000s\000\040\000r\000\351\000a\000l\000i\000s\000a\000t\000i\000o\000n\000s}{chapter.3}% 9
\BOOKMARK [0][-]{chapter.4}{\376\377\000A\000u\000t\000o\000C\000A\000D\000\040\000:\000\040\000H\000E\000L\000P\000!}{}% 10
\BOOKMARK [1][-]{section.4.1}{\376\377\000A\000i\000d\000e\000\040\000i\000n\000t\000\351\000g\000r\000\351\000e}{chapter.4}% 11
\BOOKMARK [1][-]{section.4.2}{\376\377\000A\000i\000d\000e\000\040\000e\000n\000\040\000l\000i\000g\000n\000e\000\040\000\050\000I\000n\000t\000e\000r\000n\000e\000t\000\051}{chapter.4}% 12
\BOOKMARK [1][-]{section.4.3}{\376\377\000L\000i\000v\000r\000e\000s}{chapter.4}% 13
\BOOKMARK [1][-]{section.4.4}{\376\377\000F\000i\000c\000h\000i\000e\000r\000s\000\040\000.\000p\000d\000f}{chapter.4}% 14
\BOOKMARK [1][-]{section.4.5}{\376\377\000V\000i\000d\000\351\000o\000s}{chapter.4}% 15
\BOOKMARK [1][-]{section.4.6}{\376\377\000F\000o\000r\000u\000m\000s\000\040\000d\000'\000\351\000c\000h\000a\000n\000g\000e\000\040\000d\000'\000i\000n\000f\000o\000r\000m\000a\000t\000i\000o\000n\000s\000/\000f\000i\000c\000h\000i\000e\000r\000s\000\040\000\046\000\040\000a\000u\000t\000r\000e\000s\000\040\000s\000i\000t\000e\000s\000\040\000o\000u\000\040\000m\000\351\000d\000i\000a\000s\000\040\000d\000'\000e\000n\000t\000r\000a\000i\000d\000e}{chapter.4}% 16
\BOOKMARK [0][-]{chapter.5}{\376\377\000A\000u\000t\000o\000C\000A\000D\000\040\000:\000\040\000F\000.\000A\000.\000Q\000.}{}% 17
\BOOKMARK [1][-]{section.5.1}{\376\377\000C\000o\000m\000m\000e\000n\000t\000\040\000f\000a\000i\000r\000e\000\040\000p\000o\000u\000r\000\040\000.\000.\000.}{chapter.5}% 18
\BOOKMARK [0][-]{chapter.6}{\376\377\000A\000u\000t\000o\000C\000A\000D\000\040\000:\000\040\000G\000l\000o\000s\000s\000a\000i\000r\000e}{}% 19
\BOOKMARK [0][-]{chapter.7}{\376\377\000A\000u\000t\000o\000C\000A\000D\000\040\000:\000\040\000r\000\351\000f\000\351\000r\000e\000n\000c\000e\000s}{}% 20
\BOOKMARK [1][-]{section.7.1}{\376\377\000l\000e\000\040\000d\000\351\000b\000u\000t\000\040\000d\000u\000\040\000d\000\351\000b\000u\000t}{chapter.7}% 21
\BOOKMARK [1][-]{section.7.2}{\376\377\000l\000e\000\040\000d\000\351\000b\000u\000t\000\040\000d\000e\000\040\000l\000a\000\040\000f\000i\000n}{chapter.7}% 22
